<?xml version="1.0" encoding="UTF-8"?>
<coverage generated="1419003992854" clover="4.0.1">
   <project timestamp="1419003945496" name="c2c-common 0.0.3">
      <metrics conditionals="754" methods="479" classes="62" files="61" packages="6" coveredstatements="1709" complexity="1004" loc="8742" ncloc="4406" coveredmethods="469" coveredconditionals="495" statements="1984" coveredelements="2673" elements="3217"/>
      <package name="org.certificateservices.custom.c2x.its.datastructs.basic">
         <metrics classes="29" methods="232" conditionals="398" files="28" ncloc="1826" coveredstatements="732" coveredmethods="228" complexity="471" coveredconditionals="262" statements="858" loc="3551" coveredelements="1222" elements="1488"/>
         <file name="CircularRegion.java" path="/usr/local/buildserver/apps/bambo/atlassian-bamboo-5.4.2/home/xml-data/build-dir/CCCOM-TTR-JOB1/src/main/java/org/certificateservices/custom/c2x/its/datastructs/basic/CircularRegion.java">
            <metrics classes="1" methods="9" conditionals="18" ncloc="69" coveredstatements="29" coveredmethods="8" complexity="18" coveredconditionals="12" statements="34" loc="127" coveredelements="49" elements="61"/>
            <class name="CircularRegion">
               <metrics methods="9" conditionals="18" coveredstatements="29" coveredmethods="8" complexity="18" coveredconditionals="12" statements="34" coveredelements="49" elements="61"/>
            </class>
            <line num="43" count="21" visibility="public" complexity="2" type="method" signature="CircularRegion(TwoDLocation,int)"/>
            <line num="44" count="21" type="stmt"/>
            <line num="44" falsecount="20" type="cond" truecount="1"/>
            <line num="45" count="1" type="stmt"/>
            <line num="47" count="20" type="stmt"/>
            <line num="48" count="20" type="stmt"/>
            <line num="56" count="6" visibility="public" complexity="1" type="method" signature="CircularRegion()"/>
            <line num="63" count="6" visibility="public" complexity="1" type="method" signature="getCenter() : TwoDLocation"/>
            <line num="64" count="6" type="stmt"/>
            <line num="71" count="0" visibility="public" complexity="1" type="method" signature="getLongitude() : int"/>
            <line num="72" count="0" type="stmt"/>
            <line num="76" count="6" visibility="public" complexity="1" type="method" signature="serialize(DataOutputStream) : void"/>
            <line num="78" count="6" type="stmt"/>
            <line num="79" count="6" type="stmt"/>
            <line num="82" count="6" visibility="public" complexity="1" type="method" signature="deserialize(DataInputStream) : void"/>
            <line num="84" count="6" type="stmt"/>
            <line num="85" count="6" type="stmt"/>
            <line num="86" count="6" type="stmt"/>
            <line num="87" count="6" type="stmt"/>
            <line num="88" count="6" type="stmt"/>
            <line num="92" count="13" visibility="public" complexity="2" type="method" signature="hashCode() : int"/>
            <line num="94" count="13" type="stmt"/>
            <line num="95" count="13" type="stmt"/>
            <line num="96" count="13" type="stmt"/>
            <line num="96" falsecount="13" type="cond" truecount="0"/>
            <line num="97" count="13" type="stmt"/>
            <line num="98" count="13" type="stmt"/>
            <line num="102" count="7" visibility="public" complexity="8" type="method" signature="equals(Object) : boolean"/>
            <line num="104" count="7" type="stmt"/>
            <line num="104" falsecount="7" type="cond" truecount="0"/>
            <line num="105" count="0" type="stmt"/>
            <line num="106" count="7" type="stmt"/>
            <line num="106" falsecount="3" type="cond" truecount="4"/>
            <line num="107" count="4" type="stmt"/>
            <line num="108" count="3" type="stmt"/>
            <line num="108" falsecount="3" type="cond" truecount="0"/>
            <line num="109" count="0" type="stmt"/>
            <line num="110" count="3" type="stmt"/>
            <line num="111" count="3" type="stmt"/>
            <line num="111" falsecount="3" type="cond" truecount="0"/>
            <line num="112" count="0" type="stmt"/>
            <line num="112" falsecount="0" type="cond" truecount="0"/>
            <line num="113" count="0" type="stmt"/>
            <line num="114" count="3" type="stmt"/>
            <line num="114" falsecount="2" type="cond" truecount="1"/>
            <line num="115" count="1" type="stmt"/>
            <line num="116" count="2" type="stmt"/>
            <line num="116" falsecount="1" type="cond" truecount="1"/>
            <line num="117" count="1" type="stmt"/>
            <line num="118" count="1" type="stmt"/>
            <line num="122" count="3" visibility="public" complexity="1" type="method" signature="toString() : String"/>
            <line num="124" count="3" type="stmt"/>
         </file>
         <file name="CrlSeries.java" path="/usr/local/buildserver/apps/bambo/atlassian-bamboo-5.4.2/home/xml-data/build-dir/CCCOM-TTR-JOB1/src/main/java/org/certificateservices/custom/c2x/its/datastructs/basic/CrlSeries.java">
            <metrics classes="1" methods="8" conditionals="8" ncloc="51" coveredstatements="18" coveredmethods="8" complexity="12" coveredconditionals="5" statements="21" loc="95" coveredelements="31" elements="37"/>
            <class name="CrlSeries">
               <metrics methods="8" conditionals="8" coveredstatements="18" coveredmethods="8" complexity="12" coveredconditionals="5" statements="21" coveredelements="31" elements="37"/>
            </class>
            <line num="37" count="7" visibility="public" complexity="1" type="method" signature="CrlSeries(long)"/>
            <line num="38" count="7" type="stmt"/>
            <line num="45" count="2" visibility="public" complexity="1" type="method" signature="CrlSeries()"/>
            <line num="51" count="3" visibility="public" complexity="1" type="method" signature="getValue() : long"/>
            <line num="52" count="3" type="stmt"/>
            <line num="55" count="2" visibility="public" complexity="1" type="method" signature="serialize(DataOutputStream) : void"/>
            <line num="57" count="2" type="stmt"/>
            <line num="60" count="2" visibility="public" complexity="1" type="method" signature="deserialize(DataInputStream) : void"/>
            <line num="62" count="2" type="stmt"/>
            <line num="63" count="2" type="stmt"/>
            <line num="64" count="2" type="stmt"/>
            <line num="67" count="4" visibility="public" complexity="1" type="method" signature="hashCode() : int"/>
            <line num="69" count="4" type="stmt"/>
            <line num="70" count="4" type="stmt"/>
            <line num="71" count="4" type="stmt"/>
            <line num="72" count="4" type="stmt"/>
            <line num="75" count="2" visibility="public" complexity="5" type="method" signature="equals(Object) : boolean"/>
            <line num="77" count="2" type="stmt"/>
            <line num="77" falsecount="2" type="cond" truecount="0"/>
            <line num="78" count="0" type="stmt"/>
            <line num="79" count="2" type="stmt"/>
            <line num="79" falsecount="2" type="cond" truecount="0"/>
            <line num="80" count="0" type="stmt"/>
            <line num="81" count="2" type="stmt"/>
            <line num="81" falsecount="2" type="cond" truecount="0"/>
            <line num="82" count="0" type="stmt"/>
            <line num="83" count="2" type="stmt"/>
            <line num="84" count="2" type="stmt"/>
            <line num="84" falsecount="1" type="cond" truecount="1"/>
            <line num="85" count="1" type="stmt"/>
            <line num="86" count="1" type="stmt"/>
            <line num="89" count="1" visibility="public" complexity="1" type="method" signature="toString() : String"/>
            <line num="91" count="1" type="stmt"/>
         </file>
         <file name="Duration.java" path="/usr/local/buildserver/apps/bambo/atlassian-bamboo-5.4.2/home/xml-data/build-dir/CCCOM-TTR-JOB1/src/main/java/org/certificateservices/custom/c2x/its/datastructs/basic/Duration.java">
            <metrics classes="2" methods="16" conditionals="12" ncloc="96" coveredstatements="32" coveredmethods="15" complexity="22" coveredconditionals="9" statements="37" loc="168" coveredelements="56" elements="65"/>
            <class name="Duration">
               <metrics methods="11" conditionals="10" coveredstatements="22" coveredmethods="10" complexity="16" coveredconditionals="7" statements="26" coveredelements="39" elements="47"/>
            </class>
            <class name="Duration.Unit">
               <metrics methods="5" conditionals="2" coveredstatements="10" coveredmethods="5" complexity="6" coveredconditionals="2" statements="11" coveredelements="17" elements="18"/>
            </class>
            <line num="42" count="5" visibility="package" complexity="1" type="method" signature="Unit(int,long,int)"/>
            <line num="43" count="5" type="stmt"/>
            <line num="44" count="5" type="stmt"/>
            <line num="45" count="5" type="stmt"/>
            <line num="48" count="5" visibility="public" complexity="1" type="method" signature="getByteValue() : int"/>
            <line num="49" count="5" type="stmt"/>
            <line num="52" count="5" visibility="public" complexity="1" type="method" signature="getSeconds() : long"/>
            <line num="53" count="5" type="stmt"/>
            <line num="56" count="21" visibility="public" complexity="1" type="method" signature="getUnitMask() : int"/>
            <line num="57" count="21" type="stmt"/>
            <line num="63" count="8" visibility="public" complexity="2" type="method" signature="getByEncodedDuration(int) : Unit"/>
            <line num="64" count="8" type="stmt"/>
            <line num="65" count="8" type="stmt"/>
            <line num="66" count="24" type="stmt"/>
            <line num="66" falsecount="16" type="cond" truecount="8"/>
            <line num="67" count="8" type="stmt"/>
            <line num="70" count="0" type="stmt"/>
            <line num="82" count="17" visibility="public" complexity="2" type="method" signature="Duration(int,Unit)"/>
            <line num="83" count="17" type="stmt"/>
            <line num="83" falsecount="16" type="cond" truecount="1"/>
            <line num="84" count="1" type="stmt"/>
            <line num="86" count="16" type="stmt"/>
            <line num="94" count="0" visibility="public" complexity="1" type="method" signature="Duration(int)"/>
            <line num="95" count="0" type="stmt"/>
            <line num="102" count="3" visibility="public" complexity="1" type="method" signature="Duration()"/>
            <line num="108" count="8" visibility="public" complexity="1" type="method" signature="getUnit() : Unit"/>
            <line num="109" count="8" type="stmt"/>
            <line num="116" count="10" visibility="public" complexity="1" type="method" signature="getDurationValue() : int"/>
            <line num="117" count="10" type="stmt"/>
            <line num="124" count="5" visibility="public" complexity="1" type="method" signature="getEncodedDuration() : int"/>
            <line num="125" count="5" type="stmt"/>
            <line num="128" count="2" visibility="public" complexity="1" type="method" signature="serialize(DataOutputStream) : void"/>
            <line num="130" count="2" type="stmt"/>
            <line num="133" count="3" visibility="public" complexity="1" type="method" signature="deserialize(DataInputStream) : void"/>
            <line num="135" count="3" type="stmt"/>
            <line num="136" count="3" type="stmt"/>
            <line num="137" count="3" type="stmt"/>
            <line num="140" count="7" visibility="public" complexity="1" type="method" signature="hashCode() : int"/>
            <line num="142" count="7" type="stmt"/>
            <line num="143" count="7" type="stmt"/>
            <line num="144" count="7" type="stmt"/>
            <line num="145" count="7" type="stmt"/>
            <line num="148" count="3" visibility="public" complexity="5" type="method" signature="equals(Object) : boolean"/>
            <line num="150" count="3" type="stmt"/>
            <line num="150" falsecount="3" type="cond" truecount="0"/>
            <line num="151" count="0" type="stmt"/>
            <line num="152" count="3" type="stmt"/>
            <line num="152" falsecount="3" type="cond" truecount="0"/>
            <line num="153" count="0" type="stmt"/>
            <line num="154" count="3" type="stmt"/>
            <line num="154" falsecount="3" type="cond" truecount="0"/>
            <line num="155" count="0" type="stmt"/>
            <line num="156" count="3" type="stmt"/>
            <line num="157" count="3" type="stmt"/>
            <line num="157" falsecount="1" type="cond" truecount="2"/>
            <line num="158" count="2" type="stmt"/>
            <line num="159" count="1" type="stmt"/>
            <line num="162" count="2" visibility="public" complexity="1" type="method" signature="toString() : String"/>
            <line num="164" count="2" type="stmt"/>
         </file>
         <file name="EccPoint.java" path="/usr/local/buildserver/apps/bambo/atlassian-bamboo-5.4.2/home/xml-data/build-dir/CCCOM-TTR-JOB1/src/main/java/org/certificateservices/custom/c2x/its/datastructs/basic/EccPoint.java">
            <metrics classes="1" methods="15" conditionals="58" ncloc="158" coveredstatements="78" coveredmethods="15" complexity="52" coveredconditionals="49" statements="85" loc="263" coveredelements="142" elements="158"/>
            <class name="EccPoint">
               <metrics methods="15" conditionals="58" coveredstatements="78" coveredmethods="15" complexity="52" coveredconditionals="49" statements="85" coveredelements="142" elements="158"/>
            </class>
            <line num="60" count="168" visibility="public" complexity="1" type="method" signature="EccPoint(PublicKeyAlgorithm,EccPointType,BigInteger)"/>
            <line num="61" count="168" type="stmt"/>
            <line num="71" count="48" visibility="public" complexity="4" type="method" signature="EccPoint(PublicKeyAlgorithm,byte[])"/>
            <line num="72" count="48" type="stmt"/>
            <line num="72" falsecount="46" type="cond" truecount="2"/>
            <line num="73" count="2" type="stmt"/>
            <line num="75" count="46" type="stmt"/>
            <line num="76" count="46" type="stmt"/>
            <line num="76" falsecount="19" type="cond" truecount="27"/>
            <line num="77" count="27" type="stmt"/>
            <line num="79" count="46" type="stmt"/>
            <line num="79" falsecount="27" type="cond" truecount="19"/>
            <line num="80" count="19" type="stmt"/>
            <line num="82" count="46" type="stmt"/>
            <line num="93" count="184" visibility="public" complexity="1" type="method" signature="EccPoint(PublicKeyAlgorithm,EccPointType,BigInteger,BigInteger)"/>
            <line num="94" count="184" type="stmt"/>
            <line num="95" count="184" type="stmt"/>
            <line num="96" count="184" type="stmt"/>
            <line num="97" count="184" type="stmt"/>
            <line num="107" count="193" visibility="public" complexity="1" type="method" signature="EccPoint(PublicKeyAlgorithm)"/>
            <line num="108" count="193" type="stmt"/>
            <line num="115" count="159" visibility="public" complexity="1" type="method" signature="getEccPointType() : EccPointType"/>
            <line num="116" count="159" type="stmt"/>
            <line num="122" count="62" visibility="public" complexity="3" type="method" signature="getX() : BigInteger"/>
            <line num="123" count="62" type="stmt"/>
            <line num="123" falsecount="58" type="cond" truecount="4"/>
            <line num="124" count="4" type="stmt"/>
            <line num="126" count="58" type="stmt"/>
            <line num="132" count="19" visibility="public" complexity="2" type="method" signature="getY() : BigInteger"/>
            <line num="133" count="19" type="stmt"/>
            <line num="133" falsecount="13" type="cond" truecount="6"/>
            <line num="134" count="6" type="stmt"/>
            <line num="136" count="13" type="stmt"/>
            <line num="141" count="58" visibility="public" complexity="3" type="method" signature="getCompressedEncoding() : byte[]"/>
            <line num="142" count="58" type="stmt"/>
            <line num="142" falsecount="58" type="cond" truecount="0"/>
            <line num="143" count="0" type="stmt"/>
            <line num="145" count="58" type="stmt"/>
            <line num="149" count="303" visibility="public" complexity="4" type="method" signature="serialize(DataOutputStream) : void"/>
            <line num="151" count="303" type="stmt"/>
            <line num="152" count="303" type="stmt"/>
            <line num="152" falsecount="164" type="cond" truecount="139"/>
            <line num="153" count="139" type="stmt"/>
            <line num="155" count="303" type="stmt"/>
            <line num="155" falsecount="139" type="cond" truecount="164"/>
            <line num="156" count="164" type="stmt"/>
            <line num="158" count="303" type="stmt"/>
            <line num="158" falsecount="274" type="cond" truecount="29"/>
            <line num="159" count="29" type="stmt"/>
            <line num="163" count="179" visibility="public" complexity="7" type="method" signature="deserialize(DataInputStream) : void"/>
            <line num="165" count="179" type="stmt"/>
            <line num="166" count="179" type="stmt"/>
            <line num="166" falsecount="19" type="cond" truecount="160"/>
            <line num="167" count="160" type="stmt"/>
            <line num="169" count="179" type="stmt"/>
            <line num="169" falsecount="160" type="cond" truecount="19"/>
            <line num="170" count="19" type="stmt"/>
            <line num="171" count="19" type="stmt"/>
            <line num="172" count="19" type="stmt"/>
            <line num="172" falsecount="4" type="cond" truecount="15"/>
            <line num="173" count="15" type="stmt"/>
            <line num="175" count="4" type="stmt"/>
            <line num="178" count="179" type="stmt"/>
            <line num="178" falsecount="116" type="cond" truecount="63"/>
            <line num="179" count="63" type="stmt"/>
            <line num="183" count="197" visibility="private" complexity="1" type="method" signature="writeFixedFieldSizeKey(DataOutputStream,BigInteger) : void"/>
            <line num="184" count="197" type="stmt"/>
            <line num="187" count="227" visibility="private" complexity="1" type="method" signature="readFixedFieldSizeKey(DataInputStream) : BigInteger"/>
            <line num="188" count="227" type="stmt"/>
            <line num="197" count="43" visibility="public" complexity="5" type="method" signature="hashCode() : int"/>
            <line num="199" count="43" type="stmt"/>
            <line num="200" count="43" type="stmt"/>
            <line num="201" count="43" type="stmt"/>
            <line num="202" count="43" type="stmt"/>
            <line num="203" falsecount="43" type="cond" truecount="0"/>
            <line num="204" count="43" type="stmt"/>
            <line num="206" falsecount="43" type="cond" truecount="0"/>
            <line num="208" count="43" type="stmt"/>
            <line num="208" falsecount="41" type="cond" truecount="2"/>
            <line num="209" count="43" type="stmt"/>
            <line num="209" falsecount="13" type="cond" truecount="30"/>
            <line num="210" count="43" type="stmt"/>
            <line num="216" count="14" visibility="public" complexity="13" type="method" signature="equals(Object) : boolean"/>
            <line num="218" count="14" type="stmt"/>
            <line num="218" falsecount="12" type="cond" truecount="2"/>
            <line num="219" count="2" type="stmt"/>
            <line num="220" count="12" type="stmt"/>
            <line num="220" falsecount="12" type="cond" truecount="0"/>
            <line num="221" count="0" type="stmt"/>
            <line num="222" count="12" type="stmt"/>
            <line num="222" falsecount="12" type="cond" truecount="0"/>
            <line num="223" count="0" type="stmt"/>
            <line num="224" count="12" type="stmt"/>
            <line num="225" count="12" type="stmt"/>
            <line num="225" falsecount="11" type="cond" truecount="1"/>
            <line num="226" count="1" type="stmt"/>
            <line num="227" count="11" type="stmt"/>
            <line num="227" falsecount="9" type="cond" truecount="2"/>
            <line num="228" count="2" type="stmt"/>
            <line num="229" count="9" type="stmt"/>
            <line num="229" falsecount="8" type="cond" truecount="1"/>
            <line num="230" count="1" type="stmt"/>
            <line num="231" count="8" type="stmt"/>
            <line num="231" falsecount="8" type="cond" truecount="0"/>
            <line num="232" count="0" type="stmt"/>
            <line num="232" falsecount="0" type="cond" truecount="0"/>
            <line num="233" count="0" type="stmt"/>
            <line num="234" count="8" type="stmt"/>
            <line num="234" falsecount="3" type="cond" truecount="5"/>
            <line num="235" count="5" type="stmt"/>
            <line num="236" count="3" type="stmt"/>
            <line num="236" falsecount="2" type="cond" truecount="1"/>
            <line num="237" count="1" type="stmt"/>
            <line num="237" falsecount="1" type="cond" truecount="0"/>
            <line num="238" count="0" type="stmt"/>
            <line num="239" count="2" type="stmt"/>
            <line num="239" falsecount="1" type="cond" truecount="1"/>
            <line num="240" count="1" type="stmt"/>
            <line num="241" count="2" type="stmt"/>
            <line num="244" count="18" visibility="public" complexity="5" type="method" signature="toString() : String"/>
            <line num="246" count="18" type="stmt"/>
            <line num="247" count="13" type="stmt"/>
            <line num="248" count="13" type="stmt"/>
            <line num="250" count="4" type="stmt"/>
            <line num="251" count="0" type="stmt"/>
            <line num="252" count="4" type="stmt"/>
            <line num="254" count="1" type="stmt"/>
            <line num="255" count="1" type="stmt"/>
            <line num="257" count="1" type="stmt"/>
         </file>
         <file name="EccPointType.java" path="/usr/local/buildserver/apps/bambo/atlassian-bamboo-5.4.2/home/xml-data/build-dir/CCCOM-TTR-JOB1/src/main/java/org/certificateservices/custom/c2x/its/datastructs/basic/EccPointType.java">
            <metrics classes="1" methods="3" conditionals="2" ncloc="21" coveredstatements="5" coveredmethods="3" complexity="4" coveredconditionals="2" statements="6" loc="60" coveredelements="10" elements="11"/>
            <class name="EccPointType">
               <metrics methods="3" conditionals="2" coveredstatements="5" coveredmethods="3" complexity="4" coveredconditionals="2" statements="6" coveredelements="10" elements="11"/>
            </class>
            <line num="40" count="8" visibility="package" complexity="1" type="method" signature="EccPointType(int)"/>
            <line num="41" count="8" type="stmt"/>
            <line num="44" count="311" visibility="public" complexity="1" type="method" signature="getByteValue() : int"/>
            <line num="45" count="311" type="stmt"/>
            <line num="51" count="183" visibility="public" complexity="2" type="method" signature="getByValue(int) : EccPointType"/>
            <line num="52" count="183" type="stmt"/>
            <line num="53" count="401" type="stmt"/>
            <line num="53" falsecount="218" type="cond" truecount="183"/>
            <line num="54" count="183" type="stmt"/>
            <line num="57" count="0" type="stmt"/>
         </file>
         <file name="EcdsaSignature.java" path="/usr/local/buildserver/apps/bambo/atlassian-bamboo-5.4.2/home/xml-data/build-dir/CCCOM-TTR-JOB1/src/main/java/org/certificateservices/custom/c2x/its/datastructs/basic/EcdsaSignature.java">
            <metrics classes="1" methods="7" conditionals="2" ncloc="46" coveredstatements="15" coveredmethods="7" complexity="8" coveredconditionals="2" statements="15" loc="105" coveredelements="24" elements="24"/>
            <class name="EcdsaSignature">
               <metrics methods="7" conditionals="2" coveredstatements="15" coveredmethods="7" complexity="8" coveredconditionals="2" statements="15" coveredelements="24" elements="24"/>
            </class>
            <line num="45" count="87" visibility="public" complexity="2" type="method" signature="EcdsaSignature(PublicKeyAlgorithm,EccPoint,byte[])"/>
            <line num="46" count="87" type="stmt"/>
            <line num="47" count="87" type="stmt"/>
            <line num="48" count="87" type="stmt"/>
            <line num="48" falsecount="86" type="cond" truecount="1"/>
            <line num="49" count="1" type="stmt"/>
            <line num="51" count="86" type="stmt"/>
            <line num="61" count="82" visibility="public" complexity="1" type="method" signature="EcdsaSignature(PublicKeyAlgorithm)"/>
            <line num="62" count="82" type="stmt"/>
            <line num="68" count="77" visibility="public" complexity="1" type="method" signature="getR() : EccPoint"/>
            <line num="69" count="77" type="stmt"/>
            <line num="75" count="37" visibility="public" complexity="1" type="method" signature="getSignatureValue() : byte[]"/>
            <line num="76" count="37" type="stmt"/>
            <line num="80" count="113" visibility="public" complexity="1" type="method" signature="serialize(DataOutputStream) : void"/>
            <line num="82" count="113" type="stmt"/>
            <line num="83" count="113" type="stmt"/>
            <line num="86" count="74" visibility="public" complexity="1" type="method" signature="deserialize(DataInputStream) : void"/>
            <line num="88" count="74" type="stmt"/>
            <line num="89" count="74" type="stmt"/>
            <line num="90" count="74" type="stmt"/>
            <line num="91" count="74" type="stmt"/>
            <line num="97" count="6" visibility="public" complexity="1" type="method" signature="toString() : String"/>
            <line num="99" count="6" type="stmt"/>
         </file>
         <file name="EncryptionParameters.java" path="/usr/local/buildserver/apps/bambo/atlassian-bamboo-5.4.2/home/xml-data/build-dir/CCCOM-TTR-JOB1/src/main/java/org/certificateservices/custom/c2x/its/datastructs/basic/EncryptionParameters.java">
            <metrics classes="1" methods="7" conditionals="6" ncloc="47" coveredstatements="15" coveredmethods="7" complexity="11" coveredconditionals="5" statements="16" loc="92" coveredelements="27" elements="29"/>
            <class name="EncryptionParameters">
               <metrics methods="7" conditionals="6" coveredstatements="15" coveredmethods="7" complexity="11" coveredconditionals="5" statements="16" coveredelements="27" elements="29"/>
            </class>
            <line num="45" count="11" visibility="public" complexity="4" type="method" signature="EncryptionParameters(SymmetricAlgorithm,byte[])"/>
            <line num="46" count="11" type="stmt"/>
            <line num="46" falsecount="10" type="cond" truecount="1"/>
            <line num="47" count="1" type="stmt"/>
            <line num="49" count="10" type="stmt"/>
            <line num="49" falsecount="7" type="cond" truecount="3"/>
            <line num="50" count="3" type="stmt"/>
            <line num="53" count="7" type="stmt"/>
            <line num="54" count="7" type="stmt"/>
            <line num="60" count="2" visibility="public" complexity="1" type="method" signature="EncryptionParameters()"/>
            <line num="62" count="2" visibility="public" complexity="1" type="method" signature="getSymmetricAlgorithm() : SymmetricAlgorithm"/>
            <line num="63" count="2" type="stmt"/>
            <line num="66" count="2" visibility="public" complexity="1" type="method" signature="getNounce() : byte[]"/>
            <line num="67" count="2" type="stmt"/>
            <line num="70" count="2" visibility="public" complexity="1" type="method" signature="serialize(DataOutputStream) : void"/>
            <line num="72" count="2" type="stmt"/>
            <line num="73" count="2" type="stmt"/>
            <line num="76" count="2" visibility="public" complexity="2" type="method" signature="deserialize(DataInputStream) : void"/>
            <line num="78" count="2" type="stmt"/>
            <line num="79" count="2" type="stmt"/>
            <line num="79" falsecount="2" type="cond" truecount="0"/>
            <line num="80" count="0" type="stmt"/>
            <line num="82" count="2" type="stmt"/>
            <line num="83" count="2" type="stmt"/>
            <line num="86" count="2" visibility="public" complexity="1" type="method" signature="toString() : String"/>
            <line num="88" count="2" type="stmt"/>
         </file>
         <file name="GeographicRegion.java" path="/usr/local/buildserver/apps/bambo/atlassian-bamboo-5.4.2/home/xml-data/build-dir/CCCOM-TTR-JOB1/src/main/java/org/certificateservices/custom/c2x/its/datastructs/basic/GeographicRegion.java">
            <metrics classes="1" methods="15" conditionals="44" ncloc="172" coveredstatements="77" coveredmethods="15" complexity="51" coveredconditionals="15" statements="105" loc="262" coveredelements="107" elements="164"/>
            <class name="GeographicRegion">
               <metrics methods="15" conditionals="44" coveredstatements="77" coveredmethods="15" complexity="51" coveredconditionals="15" statements="105" coveredelements="107" elements="164"/>
            </class>
            <line num="48" count="42" visibility="public" complexity="1" type="method" signature="GeographicRegion()"/>
            <line num="49" count="42" type="stmt"/>
            <line num="56" count="12" visibility="public" complexity="1" type="method" signature="GeographicRegion(CircularRegion)"/>
            <line num="57" count="12" type="stmt"/>
            <line num="58" count="12" type="stmt"/>
            <line num="65" count="5" visibility="public" complexity="2" type="method" signature="GeographicRegion(List&lt;RectangularRegion&gt;)"/>
            <line num="66" count="5" type="stmt"/>
            <line num="66" falsecount="5" type="cond" truecount="0"/>
            <line num="67" count="0" type="stmt"/>
            <line num="69" count="5" type="stmt"/>
            <line num="70" count="5" type="stmt"/>
            <line num="77" count="5" visibility="public" complexity="1" type="method" signature="GeographicRegion(PolygonalRegion)"/>
            <line num="78" count="5" type="stmt"/>
            <line num="79" count="5" type="stmt"/>
            <line num="86" count="5" visibility="public" complexity="1" type="method" signature="GeographicRegion(IdentifiedRegion)"/>
            <line num="87" count="5" type="stmt"/>
            <line num="88" count="5" type="stmt"/>
            <line num="99" count="13" visibility="public" complexity="1" type="method" signature="getRegionType() : RegionType"/>
            <line num="100" count="13" type="stmt"/>
            <line num="107" count="5" visibility="public" complexity="1" type="method" signature="getCircularRegion() : CircularRegion"/>
            <line num="108" count="5" type="stmt"/>
            <line num="115" count="2" visibility="public" complexity="1" type="method" signature="getRectangularRegions() : List&lt;RectangularRegion&gt;"/>
            <line num="116" count="2" type="stmt"/>
            <line num="123" count="2" visibility="public" complexity="1" type="method" signature="getPolygonalRegion() : PolygonalRegion"/>
            <line num="124" count="2" type="stmt"/>
            <line num="131" count="2" visibility="public" complexity="1" type="method" signature="getIdentifiedRegion() : IdentifiedRegion"/>
            <line num="132" count="2" type="stmt"/>
            <line num="135" count="22" visibility="public" complexity="6" type="method" signature="serialize(DataOutputStream) : void"/>
            <line num="137" count="22" type="stmt"/>
            <line num="138" count="22" type="stmt"/>
            <line num="139" count="1" type="stmt"/>
            <line num="140" count="1" type="stmt"/>
            <line num="141" count="4" type="stmt"/>
            <line num="142" count="4" type="stmt"/>
            <line num="143" count="4" type="stmt"/>
            <line num="144" count="1" type="stmt"/>
            <line num="145" count="1" type="stmt"/>
            <line num="146" count="1" type="stmt"/>
            <line num="147" count="15" type="stmt"/>
            <line num="148" count="15" type="stmt"/>
            <line num="149" count="15" type="stmt"/>
            <line num="150" count="1" type="stmt"/>
            <line num="151" count="1" type="stmt"/>
            <line num="152" count="1" type="stmt"/>
            <line num="153" count="0" type="stmt"/>
            <line num="154" count="0" type="stmt"/>
            <line num="158" count="37" visibility="public" complexity="6" type="method" signature="deserialize(DataInputStream) : void"/>
            <line num="161" count="37" type="stmt"/>
            <line num="162" count="37" type="stmt"/>
            <line num="163" count="1" type="stmt"/>
            <line num="164" count="1" type="stmt"/>
            <line num="165" count="2" type="stmt"/>
            <line num="166" count="2" type="stmt"/>
            <line num="167" count="2" type="stmt"/>
            <line num="168" count="2" type="stmt"/>
            <line num="169" count="1" type="stmt"/>
            <line num="170" count="1" type="stmt"/>
            <line num="171" count="1" type="stmt"/>
            <line num="172" count="32" type="stmt"/>
            <line num="173" count="32" type="stmt"/>
            <line num="174" count="32" type="stmt"/>
            <line num="175" count="32" type="stmt"/>
            <line num="176" count="1" type="stmt"/>
            <line num="177" count="1" type="stmt"/>
            <line num="178" count="1" type="stmt"/>
            <line num="179" count="1" type="stmt"/>
            <line num="180" count="0" type="stmt"/>
            <line num="181" count="0" type="stmt"/>
            <line num="185" count="11" visibility="public" complexity="6" type="method" signature="hashCode() : int"/>
            <line num="187" count="11" type="stmt"/>
            <line num="188" count="11" type="stmt"/>
            <line num="189" count="11" type="stmt"/>
            <line num="190" falsecount="7" type="cond" truecount="4"/>
            <line num="191" count="11" type="stmt"/>
            <line num="193" falsecount="1" type="cond" truecount="10"/>
            <line num="194" count="11" type="stmt"/>
            <line num="195" falsecount="1" type="cond" truecount="10"/>
            <line num="196" count="11" type="stmt"/>
            <line num="198" falsecount="1" type="cond" truecount="10"/>
            <line num="200" count="11" type="stmt"/>
            <line num="201" falsecount="11" type="cond" truecount="0"/>
            <line num="202" count="11" type="stmt"/>
            <line num="205" count="4" visibility="public" complexity="17" type="method" signature="equals(Object) : boolean"/>
            <line num="207" count="4" type="stmt"/>
            <line num="207" falsecount="4" type="cond" truecount="0"/>
            <line num="208" count="0" type="stmt"/>
            <line num="209" count="4" type="stmt"/>
            <line num="209" falsecount="4" type="cond" truecount="0"/>
            <line num="210" count="0" type="stmt"/>
            <line num="211" count="4" type="stmt"/>
            <line num="211" falsecount="4" type="cond" truecount="0"/>
            <line num="212" count="0" type="stmt"/>
            <line num="213" count="4" type="stmt"/>
            <line num="214" count="4" type="stmt"/>
            <line num="214" falsecount="4" type="cond" truecount="0"/>
            <line num="215" count="0" type="stmt"/>
            <line num="215" falsecount="0" type="cond" truecount="0"/>
            <line num="216" count="0" type="stmt"/>
            <line num="217" count="4" type="stmt"/>
            <line num="217" falsecount="0" type="cond" truecount="4"/>
            <line num="218" count="4" type="stmt"/>
            <line num="219" count="0" type="stmt"/>
            <line num="219" falsecount="0" type="cond" truecount="0"/>
            <line num="220" count="0" type="stmt"/>
            <line num="220" falsecount="0" type="cond" truecount="0"/>
            <line num="221" count="0" type="stmt"/>
            <line num="222" count="0" type="stmt"/>
            <line num="222" falsecount="0" type="cond" truecount="0"/>
            <line num="223" count="0" type="stmt"/>
            <line num="224" count="0" type="stmt"/>
            <line num="224" falsecount="0" type="cond" truecount="0"/>
            <line num="225" count="0" type="stmt"/>
            <line num="225" falsecount="0" type="cond" truecount="0"/>
            <line num="226" count="0" type="stmt"/>
            <line num="227" count="0" type="stmt"/>
            <line num="227" falsecount="0" type="cond" truecount="0"/>
            <line num="228" count="0" type="stmt"/>
            <line num="229" count="0" type="stmt"/>
            <line num="229" falsecount="0" type="cond" truecount="0"/>
            <line num="230" count="0" type="stmt"/>
            <line num="230" falsecount="0" type="cond" truecount="0"/>
            <line num="231" count="0" type="stmt"/>
            <line num="232" count="0" type="stmt"/>
            <line num="232" falsecount="0" type="cond" truecount="0"/>
            <line num="233" count="0" type="stmt"/>
            <line num="234" count="0" type="stmt"/>
            <line num="234" falsecount="0" type="cond" truecount="0"/>
            <line num="235" count="0" type="stmt"/>
            <line num="236" count="0" type="stmt"/>
            <line num="239" count="6" visibility="public" complexity="5" type="method" signature="toString() : String"/>
            <line num="241" count="6" type="stmt"/>
            <line num="242" count="2" type="stmt"/>
            <line num="243" count="2" type="stmt"/>
            <line num="245" count="1" type="stmt"/>
            <line num="246" count="1" type="stmt"/>
            <line num="248" count="1" type="stmt"/>
            <line num="249" count="1" type="stmt"/>
            <line num="251" count="1" type="stmt"/>
            <line num="252" count="1" type="stmt"/>
            <line num="254" count="1" type="stmt"/>
            <line num="255" count="1" type="stmt"/>
            <line num="257" count="1" type="stmt"/>
         </file>
         <file name="HashedId.java" path="/usr/local/buildserver/apps/bambo/atlassian-bamboo-5.4.2/home/xml-data/build-dir/CCCOM-TTR-JOB1/src/main/java/org/certificateservices/custom/c2x/its/datastructs/basic/HashedId.java">
            <metrics classes="1" methods="7" conditionals="10" ncloc="50" coveredstatements="19" coveredmethods="7" complexity="12" coveredconditionals="8" statements="21" loc="100" coveredelements="34" elements="38"/>
            <class name="HashedId">
               <metrics methods="7" conditionals="10" coveredstatements="19" coveredmethods="7" complexity="12" coveredconditionals="8" statements="21" coveredelements="34" elements="38"/>
            </class>
            <line num="38" count="64" visibility="public" complexity="2" type="method" signature="HashedId(byte[])"/>
            <line num="39" count="64" type="stmt"/>
            <line num="39" falsecount="63" type="cond" truecount="1"/>
            <line num="40" count="1" type="stmt"/>
            <line num="43" count="63" type="stmt"/>
            <line num="51" count="33" visibility="public" complexity="1" type="method" signature="HashedId()"/>
            <line num="57" count="7" visibility="public" complexity="1" type="method" signature="getHashedId() : byte[]"/>
            <line num="58" count="7" type="stmt"/>
            <line num="61" count="56" visibility="public" complexity="1" type="method" signature="serialize(DataOutputStream) : void"/>
            <line num="63" count="56" type="stmt"/>
            <line num="66" count="31" visibility="public" complexity="1" type="method" signature="deserialize(DataInputStream) : void"/>
            <line num="68" count="31" type="stmt"/>
            <line num="69" count="31" type="stmt"/>
            <line num="77" count="17" visibility="public" complexity="1" type="method" signature="hashCode() : int"/>
            <line num="79" count="17" type="stmt"/>
            <line num="80" count="17" type="stmt"/>
            <line num="81" count="17" type="stmt"/>
            <line num="82" count="17" type="stmt"/>
            <line num="85" count="10" visibility="public" complexity="5" type="method" signature="equals(Object) : boolean"/>
            <line num="87" count="10" type="stmt"/>
            <line num="87" falsecount="10" type="cond" truecount="0"/>
            <line num="88" count="0" type="stmt"/>
            <line num="89" count="10" type="stmt"/>
            <line num="89" falsecount="9" type="cond" truecount="1"/>
            <line num="90" count="1" type="stmt"/>
            <line num="91" count="9" type="stmt"/>
            <line num="91" falsecount="9" type="cond" truecount="0"/>
            <line num="92" count="0" type="stmt"/>
            <line num="93" count="9" type="stmt"/>
            <line num="94" count="9" type="stmt"/>
            <line num="94" falsecount="6" type="cond" truecount="3"/>
            <line num="95" count="3" type="stmt"/>
            <line num="96" count="6" type="stmt"/>
         </file>
         <file name="HashedId3.java" path="/usr/local/buildserver/apps/bambo/atlassian-bamboo-5.4.2/home/xml-data/build-dir/CCCOM-TTR-JOB1/src/main/java/org/certificateservices/custom/c2x/its/datastructs/basic/HashedId3.java">
            <metrics classes="1" methods="4" conditionals="0" ncloc="18" coveredstatements="4" coveredmethods="4" complexity="4" coveredconditionals="0" statements="4" loc="60" coveredelements="8" elements="8"/>
            <class name="HashedId3">
               <metrics methods="4" conditionals="0" coveredstatements="4" coveredmethods="4" complexity="4" coveredconditionals="0" statements="4" coveredelements="8" elements="8"/>
            </class>
            <line num="34" count="19" visibility="public" complexity="1" type="method" signature="HashedId3(byte[])"/>
            <line num="35" count="19" type="stmt"/>
            <line num="42" count="4" visibility="public" complexity="1" type="method" signature="HashedId3()"/>
            <line num="43" count="4" type="stmt"/>
            <line num="49" count="42" visibility="protected" complexity="1" type="method" signature="getHashLength() : int"/>
            <line num="51" count="42" type="stmt"/>
            <line num="54" count="3" visibility="public" complexity="1" type="method" signature="toString() : String"/>
            <line num="56" count="3" type="stmt"/>
         </file>
         <file name="HashedId8.java" path="/usr/local/buildserver/apps/bambo/atlassian-bamboo-5.4.2/home/xml-data/build-dir/CCCOM-TTR-JOB1/src/main/java/org/certificateservices/custom/c2x/its/datastructs/basic/HashedId8.java">
            <metrics classes="1" methods="4" conditionals="0" ncloc="18" coveredstatements="4" coveredmethods="4" complexity="4" coveredconditionals="0" statements="4" loc="57" coveredelements="8" elements="8"/>
            <class name="HashedId8">
               <metrics methods="4" conditionals="0" coveredstatements="4" coveredmethods="4" complexity="4" coveredconditionals="0" statements="4" coveredelements="8" elements="8"/>
            </class>
            <line num="32" count="44" visibility="public" complexity="1" type="method" signature="HashedId8(byte[])"/>
            <line num="33" count="44" type="stmt"/>
            <line num="40" count="29" visibility="public" complexity="1" type="method" signature="HashedId8()"/>
            <line num="41" count="29" type="stmt"/>
            <line num="47" count="119" visibility="protected" complexity="1" type="method" signature="getHashLength() : int"/>
            <line num="49" count="119" type="stmt"/>
            <line num="52" count="7" visibility="public" complexity="1" type="method" signature="toString() : String"/>
            <line num="54" count="7" type="stmt"/>
         </file>
         <file name="IdentifiedRegion.java" path="/usr/local/buildserver/apps/bambo/atlassian-bamboo-5.4.2/home/xml-data/build-dir/CCCOM-TTR-JOB1/src/main/java/org/certificateservices/custom/c2x/its/datastructs/basic/IdentifiedRegion.java">
            <metrics classes="1" methods="10" conditionals="20" ncloc="80" coveredstatements="34" coveredmethods="10" complexity="20" coveredconditionals="12" statements="39" loc="150" coveredelements="56" elements="69"/>
            <class name="IdentifiedRegion">
               <metrics methods="10" conditionals="20" coveredstatements="34" coveredmethods="10" complexity="20" coveredconditionals="12" statements="39" coveredelements="56" elements="69"/>
            </class>
            <line num="49" count="15" visibility="public" complexity="1" type="method" signature="IdentifiedRegion(RegionDictionary,int,IntX)"/>
            <line num="50" count="15" type="stmt"/>
            <line num="51" count="15" type="stmt"/>
            <line num="52" count="15" type="stmt"/>
            <line num="60" count="2" visibility="public" complexity="1" type="method" signature="IdentifiedRegion()"/>
            <line num="67" count="2" visibility="public" complexity="1" type="method" signature="getRegionDictionary() : RegionDictionary"/>
            <line num="68" count="2" type="stmt"/>
            <line num="75" count="2" visibility="public" complexity="1" type="method" signature="getRegionIdentifier() : int"/>
            <line num="76" count="2" type="stmt"/>
            <line num="84" count="2" visibility="public" complexity="1" type="method" signature="getLocalRegion() : IntX"/>
            <line num="85" count="2" type="stmt"/>
            <line num="88" count="2" visibility="public" complexity="1" type="method" signature="serialize(DataOutputStream) : void"/>
            <line num="90" count="2" type="stmt"/>
            <line num="91" count="2" type="stmt"/>
            <line num="92" count="2" type="stmt"/>
            <line num="95" count="2" visibility="public" complexity="1" type="method" signature="deserialize(DataInputStream) : void"/>
            <line num="97" count="2" type="stmt"/>
            <line num="98" count="2" type="stmt"/>
            <line num="99" count="2" type="stmt"/>
            <line num="100" count="2" type="stmt"/>
            <line num="101" count="2" type="stmt"/>
            <line num="102" count="2" type="stmt"/>
            <line num="106" count="9" visibility="public" complexity="3" type="method" signature="hashCode() : int"/>
            <line num="108" count="9" type="stmt"/>
            <line num="109" count="9" type="stmt"/>
            <line num="110" count="9" type="stmt"/>
            <line num="111" falsecount="9" type="cond" truecount="0"/>
            <line num="112" count="9" type="stmt"/>
            <line num="114" falsecount="9" type="cond" truecount="0"/>
            <line num="115" count="9" type="stmt"/>
            <line num="116" count="9" type="stmt"/>
            <line num="120" count="4" visibility="public" complexity="9" type="method" signature="equals(Object) : boolean"/>
            <line num="122" count="4" type="stmt"/>
            <line num="122" falsecount="4" type="cond" truecount="0"/>
            <line num="123" count="0" type="stmt"/>
            <line num="124" count="4" type="stmt"/>
            <line num="124" falsecount="4" type="cond" truecount="0"/>
            <line num="125" count="0" type="stmt"/>
            <line num="126" count="4" type="stmt"/>
            <line num="126" falsecount="4" type="cond" truecount="0"/>
            <line num="127" count="0" type="stmt"/>
            <line num="128" count="4" type="stmt"/>
            <line num="129" count="4" type="stmt"/>
            <line num="129" falsecount="4" type="cond" truecount="0"/>
            <line num="130" count="0" type="stmt"/>
            <line num="130" falsecount="0" type="cond" truecount="0"/>
            <line num="131" count="0" type="stmt"/>
            <line num="132" count="4" type="stmt"/>
            <line num="132" falsecount="3" type="cond" truecount="1"/>
            <line num="133" count="1" type="stmt"/>
            <line num="134" count="3" type="stmt"/>
            <line num="134" falsecount="2" type="cond" truecount="1"/>
            <line num="135" count="1" type="stmt"/>
            <line num="136" count="2" type="stmt"/>
            <line num="136" falsecount="1" type="cond" truecount="1"/>
            <line num="137" count="1" type="stmt"/>
            <line num="138" count="1" type="stmt"/>
            <line num="142" count="2" visibility="public" complexity="1" type="method" signature="toString() : String"/>
            <line num="144" count="2" type="stmt"/>
         </file>
         <file name="IntX.java" path="/usr/local/buildserver/apps/bambo/atlassian-bamboo-5.4.2/home/xml-data/build-dir/CCCOM-TTR-JOB1/src/main/java/org/certificateservices/custom/c2x/its/datastructs/basic/IntX.java">
            <metrics classes="1" methods="12" conditionals="24" ncloc="98" coveredstatements="49" coveredmethods="12" complexity="24" coveredconditionals="17" statements="54" loc="179" coveredelements="78" elements="90"/>
            <class name="IntX">
               <metrics methods="12" conditionals="24" coveredstatements="49" coveredmethods="12" complexity="24" coveredconditionals="17" statements="54" coveredelements="78" elements="90"/>
            </class>
            <line num="42" count="56" visibility="public" complexity="1" type="method" signature="IntX(BigInteger)"/>
            <line num="43" count="56" type="stmt"/>
            <line num="51" count="785" visibility="public" complexity="1" type="method" signature="IntX(long)"/>
            <line num="52" count="785" type="stmt"/>
            <line num="58" count="457" visibility="public" complexity="1" type="method" signature="IntX()"/>
            <line num="64" count="341" visibility="public" complexity="1" type="method" signature="getValue() : BigInteger"/>
            <line num="65" count="341" type="stmt"/>
            <line num="74" count="780" visibility="public" complexity="4" type="method" signature="encodeValue() : byte[]"/>
            <line num="75" count="780" type="stmt"/>
            <line num="76" count="780" type="stmt"/>
            <line num="77" count="780" type="stmt"/>
            <line num="77" falsecount="779" type="cond" truecount="1"/>
            <line num="78" count="1" type="stmt"/>
            <line num="80" count="779" type="stmt"/>
            <line num="81" count="779" type="stmt"/>
            <line num="81" falsecount="28" type="cond" truecount="751"/>
            <line num="82" count="751" type="stmt"/>
            <line num="83" count="751" type="stmt"/>
            <line num="84" count="751" type="stmt"/>
            <line num="85" count="751" type="stmt"/>
            <line num="86" count="751" type="stmt"/>
            <line num="89" count="28" type="stmt"/>
            <line num="90" count="28" type="stmt"/>
            <line num="90" falsecount="28" type="cond" truecount="56"/>
            <line num="91" count="56" type="stmt"/>
            <line num="94" count="28" type="stmt"/>
            <line num="96" count="28" type="stmt"/>
            <line num="101" count="773" visibility="public" complexity="1" type="method" signature="serialize(DataOutputStream) : void"/>
            <line num="103" count="773" type="stmt"/>
            <line num="107" count="436" visibility="public" complexity="2" type="method" signature="deserialize(DataInputStream) : void"/>
            <line num="109" count="436" type="stmt"/>
            <line num="110" count="436" type="stmt"/>
            <line num="112" count="436" type="stmt"/>
            <line num="113" count="436" type="stmt"/>
            <line num="114" count="436" type="stmt"/>
            <line num="115" count="436" type="stmt"/>
            <line num="115" falsecount="436" type="cond" truecount="185"/>
            <line num="116" count="185" type="stmt"/>
            <line num="119" count="436" type="stmt"/>
            <line num="128" count="447" visibility="private" complexity="1" type="method" signature="getFirstByteValue(byte,int) : byte"/>
            <line num="129" count="447" type="stmt"/>
            <line num="130" count="447" type="stmt"/>
            <line num="136" count="446" visibility="private" complexity="2" type="method" signature="getNumberOfOctets(int) : int"/>
            <line num="137" count="446" type="stmt"/>
            <line num="138" count="446" type="stmt"/>
            <line num="139" count="661" type="stmt"/>
            <line num="139" falsecount="215" type="cond" truecount="446"/>
            <line num="140" count="446" type="stmt"/>
            <line num="142" count="215" type="stmt"/>
            <line num="145" count="446" type="stmt"/>
            <line num="148" count="42" visibility="public" complexity="2" type="method" signature="hashCode() : int"/>
            <line num="150" count="42" type="stmt"/>
            <line num="151" count="42" type="stmt"/>
            <line num="152" count="42" type="stmt"/>
            <line num="152" falsecount="42" type="cond" truecount="0"/>
            <line num="153" count="42" type="stmt"/>
            <line num="156" count="16" visibility="public" complexity="7" type="method" signature="equals(Object) : boolean"/>
            <line num="158" count="16" type="stmt"/>
            <line num="158" falsecount="16" type="cond" truecount="0"/>
            <line num="159" count="0" type="stmt"/>
            <line num="160" count="16" type="stmt"/>
            <line num="160" falsecount="16" type="cond" truecount="0"/>
            <line num="161" count="0" type="stmt"/>
            <line num="162" count="16" type="stmt"/>
            <line num="162" falsecount="16" type="cond" truecount="0"/>
            <line num="163" count="0" type="stmt"/>
            <line num="164" count="16" type="stmt"/>
            <line num="165" count="16" type="stmt"/>
            <line num="165" falsecount="16" type="cond" truecount="0"/>
            <line num="166" count="0" type="stmt"/>
            <line num="166" falsecount="0" type="cond" truecount="0"/>
            <line num="167" count="0" type="stmt"/>
            <line num="168" count="16" type="stmt"/>
            <line num="168" falsecount="11" type="cond" truecount="5"/>
            <line num="169" count="5" type="stmt"/>
            <line num="170" count="11" type="stmt"/>
            <line num="173" count="17" visibility="public" complexity="1" type="method" signature="toString() : String"/>
            <line num="175" count="17" type="stmt"/>
         </file>
         <file name="PolygonalRegion.java" path="/usr/local/buildserver/apps/bambo/atlassian-bamboo-5.4.2/home/xml-data/build-dir/CCCOM-TTR-JOB1/src/main/java/org/certificateservices/custom/c2x/its/datastructs/basic/PolygonalRegion.java">
            <metrics classes="1" methods="8" conditionals="16" ncloc="58" coveredstatements="19" coveredmethods="8" complexity="16" coveredconditionals="9" statements="24" loc="115" coveredelements="36" elements="48"/>
            <class name="PolygonalRegion">
               <metrics methods="8" conditionals="16" coveredstatements="19" coveredmethods="8" complexity="16" coveredconditionals="9" statements="24" coveredelements="36" elements="48"/>
            </class>
            <line num="46" count="12" visibility="public" complexity="2" type="method" signature="PolygonalRegion(List&lt;TwoDLocation&gt;)"/>
            <line num="47" count="12" type="stmt"/>
            <line num="47" falsecount="11" type="cond" truecount="1"/>
            <line num="48" count="1" type="stmt"/>
            <line num="50" count="11" type="stmt"/>
            <line num="58" count="33" visibility="public" complexity="1" type="method" signature="PolygonalRegion()"/>
            <line num="65" count="28" visibility="public" complexity="1" type="method" signature="getPoints() : List&lt;TwoDLocation&gt;"/>
            <line num="66" count="28" type="stmt"/>
            <line num="70" count="16" visibility="public" complexity="1" type="method" signature="serialize(DataOutputStream) : void"/>
            <line num="72" count="16" type="stmt"/>
            <line num="75" count="33" visibility="public" complexity="1" type="method" signature="deserialize(DataInputStream) : void"/>
            <line num="78" count="33" type="stmt"/>
            <line num="82" count="5" visibility="public" complexity="2" type="method" signature="hashCode() : int"/>
            <line num="84" count="5" type="stmt"/>
            <line num="85" count="5" type="stmt"/>
            <line num="86" count="5" type="stmt"/>
            <line num="86" falsecount="5" type="cond" truecount="0"/>
            <line num="87" count="5" type="stmt"/>
            <line num="91" count="2" visibility="public" complexity="7" type="method" signature="equals(Object) : boolean"/>
            <line num="93" count="2" type="stmt"/>
            <line num="93" falsecount="2" type="cond" truecount="0"/>
            <line num="94" count="0" type="stmt"/>
            <line num="95" count="2" type="stmt"/>
            <line num="95" falsecount="2" type="cond" truecount="0"/>
            <line num="96" count="0" type="stmt"/>
            <line num="97" count="2" type="stmt"/>
            <line num="97" falsecount="2" type="cond" truecount="0"/>
            <line num="98" count="0" type="stmt"/>
            <line num="99" count="2" type="stmt"/>
            <line num="100" count="2" type="stmt"/>
            <line num="100" falsecount="2" type="cond" truecount="0"/>
            <line num="101" count="0" type="stmt"/>
            <line num="101" falsecount="0" type="cond" truecount="0"/>
            <line num="102" count="0" type="stmt"/>
            <line num="103" count="2" type="stmt"/>
            <line num="103" falsecount="1" type="cond" truecount="1"/>
            <line num="104" count="1" type="stmt"/>
            <line num="105" count="1" type="stmt"/>
            <line num="109" count="2" visibility="public" complexity="1" type="method" signature="toString() : String"/>
            <line num="111" count="2" type="stmt"/>
         </file>
         <file name="PublicKey.java" path="/usr/local/buildserver/apps/bambo/atlassian-bamboo-5.4.2/home/xml-data/build-dir/CCCOM-TTR-JOB1/src/main/java/org/certificateservices/custom/c2x/its/datastructs/basic/PublicKey.java">
            <metrics classes="1" methods="11" conditionals="28" ncloc="91" coveredstatements="37" coveredmethods="11" complexity="25" coveredconditionals="20" statements="42" loc="173" coveredelements="68" elements="81"/>
            <class name="PublicKey">
               <metrics methods="11" conditionals="28" coveredstatements="37" coveredmethods="11" complexity="25" coveredconditionals="20" statements="42" coveredelements="68" elements="81"/>
            </class>
            <line num="57" count="85" visibility="public" complexity="1" type="method" signature="PublicKey(PublicKeyAlgorithm,EccPoint)"/>
            <line num="58" count="85" type="stmt"/>
            <line num="68" count="93" visibility="public" complexity="1" type="method" signature="PublicKey(PublicKeyAlgorithm,EccPoint,SymmetricAlgorithm)"/>
            <line num="69" count="93" type="stmt"/>
            <line num="70" count="93" type="stmt"/>
            <line num="71" count="93" type="stmt"/>
            <line num="80" count="99" visibility="public" complexity="1" type="method" signature="PublicKey()"/>
            <line num="86" count="20" visibility="public" complexity="1" type="method" signature="getPublicKeyAlgorithm() : PublicKeyAlgorithm"/>
            <line num="87" count="20" type="stmt"/>
            <line num="94" count="73" visibility="public" complexity="1" type="method" signature="getPublicKey() : EccPoint"/>
            <line num="95" count="73" type="stmt"/>
            <line num="101" count="6" visibility="public" complexity="2" type="method" signature="getSupportedSymmAlg() : SymmetricAlgorithm"/>
            <line num="102" count="6" type="stmt"/>
            <line num="102" falsecount="2" type="cond" truecount="4"/>
            <line num="103" count="4" type="stmt"/>
            <line num="105" count="2" type="stmt"/>
            <line num="109" count="183" visibility="public" complexity="2" type="method" signature="serialize(DataOutputStream) : void"/>
            <line num="111" count="183" type="stmt"/>
            <line num="112" count="183" type="stmt"/>
            <line num="112" falsecount="159" type="cond" truecount="24"/>
            <line num="113" count="24" type="stmt"/>
            <line num="115" count="183" type="stmt"/>
            <line num="118" count="98" visibility="public" complexity="2" type="method" signature="deserialize(DataInputStream) : void"/>
            <line num="120" count="98" type="stmt"/>
            <line num="121" count="98" type="stmt"/>
            <line num="121" falsecount="65" type="cond" truecount="33"/>
            <line num="122" count="33" type="stmt"/>
            <line num="124" count="98" type="stmt"/>
            <line num="125" count="98" type="stmt"/>
            <line num="128" count="15" visibility="public" complexity="4" type="method" signature="hashCode() : int"/>
            <line num="130" count="15" type="stmt"/>
            <line num="131" count="15" type="stmt"/>
            <line num="132" count="15" type="stmt"/>
            <line num="133" falsecount="15" type="cond" truecount="0"/>
            <line num="134" count="15" type="stmt"/>
            <line num="136" falsecount="15" type="cond" truecount="0"/>
            <line num="138" count="15" type="stmt"/>
            <line num="140" falsecount="1" type="cond" truecount="14"/>
            <line num="141" count="15" type="stmt"/>
            <line num="144" count="5" visibility="public" complexity="9" type="method" signature="equals(Object) : boolean"/>
            <line num="146" count="5" type="stmt"/>
            <line num="146" falsecount="4" type="cond" truecount="1"/>
            <line num="147" count="1" type="stmt"/>
            <line num="148" count="4" type="stmt"/>
            <line num="148" falsecount="4" type="cond" truecount="0"/>
            <line num="149" count="0" type="stmt"/>
            <line num="150" count="4" type="stmt"/>
            <line num="150" falsecount="4" type="cond" truecount="0"/>
            <line num="151" count="0" type="stmt"/>
            <line num="152" count="4" type="stmt"/>
            <line num="153" count="4" type="stmt"/>
            <line num="153" falsecount="4" type="cond" truecount="0"/>
            <line num="154" count="0" type="stmt"/>
            <line num="154" falsecount="0" type="cond" truecount="0"/>
            <line num="155" count="0" type="stmt"/>
            <line num="156" count="4" type="stmt"/>
            <line num="156" falsecount="2" type="cond" truecount="2"/>
            <line num="157" count="2" type="stmt"/>
            <line num="158" count="2" type="stmt"/>
            <line num="158" falsecount="1" type="cond" truecount="1"/>
            <line num="159" count="1" type="stmt"/>
            <line num="160" count="1" type="stmt"/>
            <line num="160" falsecount="1" type="cond" truecount="0"/>
            <line num="161" count="0" type="stmt"/>
            <line num="162" count="1" type="stmt"/>
            <line num="165" count="5" visibility="public" complexity="1" type="method" signature="toString() : String"/>
            <line num="167" count="5" type="stmt"/>
         </file>
         <file name="PublicKeyAlgorithm.java" path="/usr/local/buildserver/apps/bambo/atlassian-bamboo-5.4.2/home/xml-data/build-dir/CCCOM-TTR-JOB1/src/main/java/org/certificateservices/custom/c2x/its/datastructs/basic/PublicKeyAlgorithm.java">
            <metrics classes="1" methods="5" conditionals="6" ncloc="35" coveredstatements="12" coveredmethods="5" complexity="8" coveredconditionals="5" statements="14" loc="84" coveredelements="22" elements="25"/>
            <class name="PublicKeyAlgorithm">
               <metrics methods="5" conditionals="6" coveredstatements="12" coveredmethods="5" complexity="8" coveredconditionals="5" statements="14" coveredelements="22" elements="25"/>
            </class>
            <line num="40" count="4" visibility="package" complexity="1" type="method" signature="PublicKeyAlgorithm(int,int,SymmetricAlgorithm)"/>
            <line num="41" count="4" type="stmt"/>
            <line num="42" count="4" type="stmt"/>
            <line num="43" count="4" type="stmt"/>
            <line num="46" count="303" visibility="public" complexity="1" type="method" signature="getByteValue() : int"/>
            <line num="47" count="303" type="stmt"/>
            <line num="51" count="1746" visibility="public" complexity="2" type="method" signature="getFieldSize() : int"/>
            <line num="52" count="1746" type="stmt"/>
            <line num="52" falsecount="1746" type="cond" truecount="0"/>
            <line num="53" count="0" type="stmt"/>
            <line num="55" count="1746" type="stmt"/>
            <line num="63" count="35" visibility="public" complexity="2" type="method" signature="getRelatedSymmetricAlgorithm() : SymmetricAlgorithm"/>
            <line num="64" count="35" type="stmt"/>
            <line num="64" falsecount="34" type="cond" truecount="1"/>
            <line num="65" count="1" type="stmt"/>
            <line num="67" count="34" type="stmt"/>
            <line num="73" count="177" visibility="public" complexity="2" type="method" signature="getByValue(int) : PublicKeyAlgorithm"/>
            <line num="74" count="177" type="stmt"/>
            <line num="75" count="214" type="stmt"/>
            <line num="75" falsecount="37" type="cond" truecount="177"/>
            <line num="76" count="177" type="stmt"/>
            <line num="79" count="0" type="stmt"/>
         </file>
         <file name="RectangularRegion.java" path="/usr/local/buildserver/apps/bambo/atlassian-bamboo-5.4.2/home/xml-data/build-dir/CCCOM-TTR-JOB1/src/main/java/org/certificateservices/custom/c2x/its/datastructs/basic/RectangularRegion.java">
            <metrics classes="1" methods="9" conditionals="22" ncloc="69" coveredstatements="25" coveredmethods="7" complexity="20" coveredconditionals="11" statements="34" loc="128" coveredelements="43" elements="65"/>
            <class name="RectangularRegion">
               <metrics methods="9" conditionals="22" coveredstatements="25" coveredmethods="7" complexity="20" coveredconditionals="11" statements="34" coveredelements="43" elements="65"/>
            </class>
            <line num="40" count="17" visibility="public" complexity="1" type="method" signature="RectangularRegion(TwoDLocation,TwoDLocation)"/>
            <line num="41" count="17" type="stmt"/>
            <line num="42" count="17" type="stmt"/>
            <line num="50" count="3" visibility="public" complexity="1" type="method" signature="RectangularRegion()"/>
            <line num="57" count="0" visibility="public" complexity="1" type="method" signature="getNorthWest() : TwoDLocation"/>
            <line num="58" count="0" type="stmt"/>
            <line num="65" count="0" visibility="public" complexity="1" type="method" signature="getSouthEast() : TwoDLocation"/>
            <line num="66" count="0" type="stmt"/>
            <line num="69" count="3" visibility="public" complexity="1" type="method" signature="serialize(DataOutputStream) : void"/>
            <line num="71" count="3" type="stmt"/>
            <line num="72" count="3" type="stmt"/>
            <line num="75" count="3" visibility="public" complexity="1" type="method" signature="deserialize(DataInputStream) : void"/>
            <line num="77" count="3" type="stmt"/>
            <line num="78" count="3" type="stmt"/>
            <line num="79" count="3" type="stmt"/>
            <line num="80" count="3" type="stmt"/>
            <line num="84" count="8" visibility="public" complexity="3" type="method" signature="hashCode() : int"/>
            <line num="86" count="8" type="stmt"/>
            <line num="87" count="8" type="stmt"/>
            <line num="88" count="8" type="stmt"/>
            <line num="89" falsecount="8" type="cond" truecount="0"/>
            <line num="90" count="8" type="stmt"/>
            <line num="91" falsecount="8" type="cond" truecount="0"/>
            <line num="92" count="8" type="stmt"/>
            <line num="96" count="3" visibility="public" complexity="10" type="method" signature="equals(Object) : boolean"/>
            <line num="98" count="3" type="stmt"/>
            <line num="98" falsecount="3" type="cond" truecount="0"/>
            <line num="99" count="0" type="stmt"/>
            <line num="100" count="3" type="stmt"/>
            <line num="100" falsecount="3" type="cond" truecount="0"/>
            <line num="101" count="0" type="stmt"/>
            <line num="102" count="3" type="stmt"/>
            <line num="102" falsecount="3" type="cond" truecount="0"/>
            <line num="103" count="0" type="stmt"/>
            <line num="104" count="3" type="stmt"/>
            <line num="105" count="3" type="stmt"/>
            <line num="105" falsecount="3" type="cond" truecount="0"/>
            <line num="106" count="0" type="stmt"/>
            <line num="106" falsecount="0" type="cond" truecount="0"/>
            <line num="107" count="0" type="stmt"/>
            <line num="108" count="3" type="stmt"/>
            <line num="108" falsecount="2" type="cond" truecount="1"/>
            <line num="109" count="1" type="stmt"/>
            <line num="110" count="2" type="stmt"/>
            <line num="110" falsecount="2" type="cond" truecount="0"/>
            <line num="111" count="0" type="stmt"/>
            <line num="111" falsecount="0" type="cond" truecount="0"/>
            <line num="112" count="0" type="stmt"/>
            <line num="113" count="2" type="stmt"/>
            <line num="113" falsecount="1" type="cond" truecount="1"/>
            <line num="114" count="1" type="stmt"/>
            <line num="115" count="1" type="stmt"/>
            <line num="119" count="3" visibility="public" complexity="1" type="method" signature="toString() : String"/>
            <line num="121" count="3" type="stmt"/>
         </file>
         <file name="RegionDictionary.java" path="/usr/local/buildserver/apps/bambo/atlassian-bamboo-5.4.2/home/xml-data/build-dir/CCCOM-TTR-JOB1/src/main/java/org/certificateservices/custom/c2x/its/datastructs/basic/RegionDictionary.java">
            <metrics classes="1" methods="3" conditionals="2" ncloc="19" coveredstatements="5" coveredmethods="3" complexity="4" coveredconditionals="2" statements="6" loc="59" coveredelements="10" elements="11"/>
            <class name="RegionDictionary">
               <metrics methods="3" conditionals="2" coveredstatements="5" coveredmethods="3" complexity="4" coveredconditionals="2" statements="6" coveredelements="10" elements="11"/>
            </class>
            <line num="39" count="2" visibility="package" complexity="1" type="method" signature="RegionDictionary(int)"/>
            <line num="40" count="2" type="stmt"/>
            <line num="43" count="6" visibility="public" complexity="1" type="method" signature="getByteValue() : int"/>
            <line num="44" count="6" type="stmt"/>
            <line num="50" count="4" visibility="public" complexity="2" type="method" signature="getByValue(int) : RegionDictionary"/>
            <line num="51" count="4" type="stmt"/>
            <line num="52" count="7" type="stmt"/>
            <line num="52" falsecount="3" type="cond" truecount="4"/>
            <line num="53" count="4" type="stmt"/>
            <line num="56" count="0" type="stmt"/>
         </file>
         <file name="RegionType.java" path="/usr/local/buildserver/apps/bambo/atlassian-bamboo-5.4.2/home/xml-data/build-dir/CCCOM-TTR-JOB1/src/main/java/org/certificateservices/custom/c2x/its/datastructs/basic/RegionType.java">
            <metrics classes="1" methods="3" conditionals="2" ncloc="22" coveredstatements="5" coveredmethods="3" complexity="4" coveredconditionals="2" statements="6" loc="63" coveredelements="10" elements="11"/>
            <class name="RegionType">
               <metrics methods="3" conditionals="2" coveredstatements="5" coveredmethods="3" complexity="4" coveredconditionals="2" statements="6" coveredelements="10" elements="11"/>
            </class>
            <line num="43" count="5" visibility="package" complexity="1" type="method" signature="RegionType(int)"/>
            <line num="44" count="5" type="stmt"/>
            <line num="47" count="32" visibility="public" complexity="1" type="method" signature="getByteValue() : int"/>
            <line num="48" count="32" type="stmt"/>
            <line num="54" count="42" visibility="public" complexity="2" type="method" signature="getByValue(int) : RegionType"/>
            <line num="55" count="42" type="stmt"/>
            <line num="56" count="156" type="stmt"/>
            <line num="56" falsecount="114" type="cond" truecount="42"/>
            <line num="57" count="42" type="stmt"/>
            <line num="60" count="0" type="stmt"/>
         </file>
         <file name="Signature.java" path="/usr/local/buildserver/apps/bambo/atlassian-bamboo-5.4.2/home/xml-data/build-dir/CCCOM-TTR-JOB1/src/main/java/org/certificateservices/custom/c2x/its/datastructs/basic/Signature.java">
            <metrics classes="1" methods="7" conditionals="6" ncloc="45" coveredstatements="14" coveredmethods="7" complexity="10" coveredconditionals="4" statements="14" loc="102" coveredelements="25" elements="27"/>
            <class name="Signature">
               <metrics methods="7" conditionals="6" coveredstatements="14" coveredmethods="7" complexity="10" coveredconditionals="4" statements="14" coveredelements="25" elements="27"/>
            </class>
            <line num="46" count="90" visibility="public" complexity="2" type="method" signature="Signature(PublicKeyAlgorithm,EcdsaSignature)"/>
            <line num="47" count="90" type="stmt"/>
            <line num="47" falsecount="89" type="cond" truecount="1"/>
            <line num="48" count="1" type="stmt"/>
            <line num="50" count="89" type="stmt"/>
            <line num="51" count="89" type="stmt"/>
            <line num="60" count="74" visibility="public" complexity="1" type="method" signature="Signature()"/>
            <line num="66" count="147" visibility="public" complexity="1" type="method" signature="getPublicKeyAlgorithm() : PublicKeyAlgorithm"/>
            <line num="67" count="147" type="stmt"/>
            <line num="73" count="66" visibility="public" complexity="1" type="method" signature="getSignatureValue() : EcdsaSignature"/>
            <line num="74" count="66" type="stmt"/>
            <line num="78" count="112" visibility="public" complexity="2" type="method" signature="serialize(DataOutputStream) : void"/>
            <line num="80" count="112" type="stmt"/>
            <line num="81" count="112" type="stmt"/>
            <line num="81" falsecount="0" type="cond" truecount="112"/>
            <line num="82" count="112" type="stmt"/>
            <line num="86" count="73" visibility="public" complexity="2" type="method" signature="deserialize(DataInputStream) : void"/>
            <line num="88" count="73" type="stmt"/>
            <line num="89" count="73" type="stmt"/>
            <line num="89" falsecount="0" type="cond" truecount="73"/>
            <line num="90" count="73" type="stmt"/>
            <line num="91" count="73" type="stmt"/>
            <line num="95" count="5" visibility="public" complexity="1" type="method" signature="toString() : String"/>
            <line num="97" count="5" type="stmt"/>
         </file>
         <file name="SignerInfo.java" path="/usr/local/buildserver/apps/bambo/atlassian-bamboo-5.4.2/home/xml-data/build-dir/CCCOM-TTR-JOB1/src/main/java/org/certificateservices/custom/c2x/its/datastructs/basic/SignerInfo.java">
            <metrics classes="1" methods="15" conditionals="38" ncloc="169" coveredstatements="85" coveredmethods="15" complexity="49" coveredconditionals="23" statements="105" loc="282" coveredelements="123" elements="158"/>
            <class name="SignerInfo">
               <metrics methods="15" conditionals="38" coveredstatements="85" coveredmethods="15" complexity="49" coveredconditionals="23" statements="105" coveredelements="123" elements="158"/>
            </class>
            <line num="55" count="128" visibility="public" complexity="1" type="method" signature="SignerInfo()"/>
            <line num="56" count="128" type="stmt"/>
            <line num="63" count="19" visibility="public" complexity="1" type="method" signature="SignerInfo(HashedId8)"/>
            <line num="64" count="19" type="stmt"/>
            <line num="65" count="19" type="stmt"/>
            <line num="72" count="38" visibility="public" complexity="1" type="method" signature="SignerInfo(Certificate)"/>
            <line num="73" count="38" type="stmt"/>
            <line num="74" count="38" type="stmt"/>
            <line num="84" count="9" visibility="public" complexity="1" type="method" signature="SignerInfo(List&lt;Certificate&gt;)"/>
            <line num="85" count="9" type="stmt"/>
            <line num="86" count="9" type="stmt"/>
            <line num="96" count="5" visibility="public" complexity="1" type="method" signature="SignerInfo(PublicKeyAlgorithm,HashedId8)"/>
            <line num="97" count="5" type="stmt"/>
            <line num="98" count="5" type="stmt"/>
            <line num="99" count="5" type="stmt"/>
            <line num="109" count="56" visibility="public" complexity="1" type="method" signature="getSignerInfoType() : SignerInfoType"/>
            <line num="110" count="56" type="stmt"/>
            <line num="118" count="9" visibility="public" complexity="1" type="method" signature="getDigest() : HashedId8"/>
            <line num="119" count="9" type="stmt"/>
            <line num="127" count="14" visibility="public" complexity="1" type="method" signature="getCertificate() : Certificate"/>
            <line num="128" count="14" type="stmt"/>
            <line num="139" count="20" visibility="public" complexity="1" type="method" signature="getCertificateChain() : List&lt;Certificate&gt;"/>
            <line num="140" count="20" type="stmt"/>
            <line num="148" count="2" visibility="public" complexity="1" type="method" signature="getPublicKeyAlgorithm() : PublicKeyAlgorithm"/>
            <line num="149" count="2" type="stmt"/>
            <line num="152" count="195" visibility="public" complexity="6" type="method" signature="serialize(DataOutputStream) : void"/>
            <line num="154" count="195" type="stmt"/>
            <line num="155" count="195" type="stmt"/>
[...]
            <line num="177" count="2" type="stmt"/>
            <line num="178" count="2" type="stmt"/>
            <line num="179" count="2" type="stmt"/>
            <line num="182" count="2" type="stmt"/>
            <line num="184" count="2" type="stmt"/>
            <line num="185" count="2" type="stmt"/>
            <line num="186" count="2" type="stmt"/>
            <line num="187" count="2" type="stmt"/>
            <line num="194" count="2" visibility="public" complexity="1" type="method" signature="$spock_feature_1_4(def) : void"/>
            <line num="197" count="2" type="stmt"/>
            <line num="198" count="2" type="stmt"/>
            <line num="200" count="2" type="stmt"/>
            <line num="201" count="2" type="stmt"/>
            <line num="204" count="2" type="stmt"/>
            <line num="205" count="2" type="stmt"/>
            <line num="208" count="2" type="stmt"/>
            <line num="209" count="2" type="stmt"/>
            <line num="212" count="2" type="stmt"/>
            <line num="213" count="2" type="stmt"/>
            <line num="216" count="2" type="stmt"/>
            <line num="217" count="2" type="stmt"/>
            <line num="220" count="2" type="stmt"/>
            <line num="221" count="2" type="stmt"/>
            <line num="224" count="2" type="stmt"/>
            <line num="225" count="2" type="stmt"/>
            <line num="232" count="1" visibility="public" complexity="1" type="method" signature="$spock_feature_1_5(def,def,def) : void"/>
            <line num="235" count="1" type="stmt"/>
            <line num="242" count="1" visibility="public" complexity="1" type="method" signature="$spock_feature_1_6() : void"/>
            <line num="244" count="1" type="stmt"/>
            <line num="245" count="1" type="stmt"/>
            <line num="246" count="1" type="stmt"/>
            <line num="247" count="1" type="stmt"/>
            <line num="249" count="1" type="stmt"/>
            <line num="251" count="1" type="stmt"/>
            <line num="254" count="1" visibility="public" complexity="1" type="method" signature="$spock_feature_1_7() : void"/>
            <line num="256" count="1" type="stmt"/>
            <line num="257" count="1" type="stmt"/>
            <line num="260" count="1" visibility="public" complexity="1" type="method" signature="$spock_feature_1_8() : void"/>
            <line num="262" count="1" type="stmt"/>
            <line num="263" count="1" type="stmt"/>
            <line num="266" count="2" visibility="public" complexity="1" type="method" signature="$spock_feature_1_9(def,def) : void"/>
            <line num="269" count="2" type="stmt"/>
            <line num="276" count="1" visibility="public" complexity="1" type="method" signature="$spock_feature_1_10() : void"/>
            <line num="278" count="1" type="stmt"/>
            <line num="280" count="1" type="stmt"/>
            <line num="285" count="4" visibility="public" complexity="1" type="method" signature="$spock_feature_1_11(def,def,def) : void"/>
            <line num="288" count="4" type="stmt"/>
            <line num="289" count="4" type="stmt"/>
            <line num="290" count="4" type="stmt"/>
            <line num="291" count="4" type="stmt"/>
            <line num="292" count="4" type="stmt"/>
            <line num="294" count="4" type="stmt"/>
            <line num="303" count="1" visibility="public" complexity="1" type="method" signature="$spock_feature_1_12(def) : void"/>
            <line num="305" count="1" type="stmt"/>
            <line num="306" count="1" type="stmt"/>
            <line num="308" count="1" type="stmt"/>
            <line num="310" count="1" type="stmt"/>
            <line num="315" count="1" visibility="private" complexity="1" type="method" signature="field sig_x_only()"/>
            <line num="316" count="1" visibility="private" complexity="1" type="method" signature="field sig_compressed_y_1()"/>
            <line num="317" count="1" visibility="private" complexity="1" type="method" signature="field sig_compressed_y_0()"/>
            <line num="318" count="1" visibility="private" complexity="1" type="method" signature="field sig_uncompressed()"/>
            <line num="319" count="5" visibility="public" complexity="1" type="method" signature="$spock_feature_1_13(def,def,def,def) : void"/>
            <line num="322" count="5" type="stmt"/>
            <line num="323" count="5" type="stmt"/>
            <line num="325" count="5" type="stmt"/>
            <line num="326" count="5" type="stmt"/>
            <line num="328" count="5" type="stmt"/>
            <line num="338" count="1" visibility="private" complexity="1" type="method" signature="field payload_signed()"/>
            <line num="339" count="1" visibility="private" complexity="1" type="method" signature="field payload_unsecured()"/>
            <line num="340" count="1" visibility="private" complexity="1" type="method" signature="field payload_encrypted()"/>
            <line num="341" count="1" visibility="private" complexity="1" type="method" signature="field payload_signed_and_encrypted()"/>
            <line num="342" count="1" visibility="private" complexity="1" type="method" signature="field payload_signed_external()"/>
            <line num="344" count="1" visibility="public" complexity="1" type="method" signature="$spock_feature_1_14() : void"/>
            <line num="346" count="1" type="stmt"/>
            <line num="347" count="1" type="stmt"/>
            <line num="349" count="1" type="stmt"/>
            <line num="350" count="1" type="stmt"/>
            <line num="352" count="1" type="stmt"/>
            <line num="356" count="1" visibility="public" complexity="1" type="method" signature="$spock_feature_1_15() : void"/>
            <line num="358" count="1" type="stmt"/>
            <line num="360" count="1" type="stmt"/>
            <line num="362" count="1" type="stmt"/>
            <line num="364" count="1" type="stmt"/>
            <line num="368" count="1" visibility="public" complexity="1" type="method" signature="$spock_feature_1_16() : void"/>
            <line num="370" count="1" type="stmt"/>
            <line num="373" count="1" visibility="public" complexity="1" type="method" signature="$spock_feature_1_17() : void"/>
            <line num="375" count="1" type="stmt"/>
            <line num="376" count="1" type="stmt"/>
            <line num="377" count="1" type="stmt"/>
            <line num="378" count="1" type="stmt"/>
            <line num="379" count="1" type="stmt"/>
            <line num="380" count="1" type="stmt"/>
            <line num="382" count="1" type="stmt"/>
            <line num="384" count="1" type="stmt"/>
            <line num="388" count="2" visibility="public" complexity="3" type="method" signature="$spock_feature_1_18(def) : void"/>
            <line num="392" count="2" type="stmt"/>
            <line num="393" count="2" type="stmt"/>
            <line num="395" count="2" type="stmt"/>
            <line num="397" count="2" type="stmt"/>
            <line num="399" count="2" type="stmt"/>
            <line num="399" falsecount="1" type="cond" truecount="1"/>
            <line num="400" count="1" type="stmt"/>
            <line num="402" count="1" type="stmt"/>
            <line num="405" count="2" type="stmt"/>
            <line num="414" count="8" visibility="private" complexity="1" type="method" signature="constructKey(BigInteger,BigInteger) : ECPublicKey"/>
            <line num="415" count="8" type="stmt"/>
            <line num="416" count="8" type="stmt"/>
            <line num="417" count="8" type="stmt"/>
            <line num="418" count="8" type="stmt"/>
            <line num="421" count="1" visibility="private" complexity="1" type="method" signature="getTestRootCertificate() : Certificate"/>
            <line num="422" count="1" type="stmt"/>
            <line num="423" count="1" type="stmt"/>
            <line num="424" count="1" type="stmt"/>
            <line num="427" count="6" visibility="private" complexity="1" type="method" signature="getTestAACertificate() : Certificate"/>
            <line num="428" count="6" type="stmt"/>
            <line num="429" count="6" type="stmt"/>
            <line num="430" count="6" type="stmt"/>
            <line num="433" count="14" visibility="private" complexity="1" type="method" signature="getTestATCertificate() : Certificate"/>
            <line num="434" count="14" type="stmt"/>
            <line num="435" count="14" type="stmt"/>
            <line num="436" count="14" type="stmt"/>
            <line num="439" count="2" visibility="private" complexity="10" type="method" signature="genSecuredMessage(SignerInfoType,Certificate,byte[]) : SecuredMessage"/>
            <line num="440" count="2" type="stmt"/>
            <line num="440" falsecount="2" type="cond" truecount="0"/>
            <line num="441" count="0" type="stmt"/>
            <line num="444" count="2" type="stmt"/>
            <line num="445" count="2" type="stmt"/>
            <line num="446" count="2" type="stmt"/>
            <line num="447" count="2" type="stmt"/>
            <line num="447" falsecount="0" type="cond" truecount="2"/>
            <line num="448" count="2" type="stmt"/>
            <line num="450" count="0" type="stmt"/>
            <line num="451" count="0" type="stmt"/>
            <line num="452" count="0" type="stmt"/>
            <line num="454" count="0" type="stmt"/>
            <line num="458" count="2" type="stmt"/>
            <line num="459" count="2" type="stmt"/>
            <line num="459" falsecount="2" type="cond" truecount="0"/>
            <line num="460" count="0" type="stmt"/>
            <line num="462" count="2" type="stmt"/>
            <line num="465" count="2" type="stmt"/>
         </file>
         <file name="DefaultCryptoManagerParamsSpec.groovy" path="/usr/local/buildserver/apps/bambo/atlassian-bamboo-5.4.2/home/xml-data/build-dir/CCCOM-TTR-JOB1/src/test/groovy/org/certificateservices/custom/c2x/its/crypto/DefaultCryptoManagerParamsSpec.groovy">
            <metrics classes="1" methods="1" conditionals="0" ncloc="0" coveredstatements="1" coveredmethods="1" complexity="1" coveredconditionals="0" statements="1" loc="30" coveredelements="2" elements="2"/>
            <class name="DefaultCryptoManagerParamsSpec">
               <metrics conditionals="0" methods="1" coveredstatements="1" complexity="1" testpasses="1" testruns="1" coveredmethods="1" coveredconditionals="0" statements="1" testfailures="0" coveredelements="2" testduration="0.002" elements="2"/>
            </class>
            <line num="26" count="1" visibility="public" complexity="1" type="method" signature="$spock_feature_0_0() : void"/>
            <line num="28" count="1" type="stmt"/>
         </file>
      </package>
      <package name="org.certificateservices.custom.c2x.its.datastructs">
         <metrics classes="2" methods="8" conditionals="4" files="2" ncloc="0" coveredstatements="54" coveredmethods="8" complexity="12" coveredconditionals="4" statements="54" loc="212" coveredelements="66" elements="66"/>
         <file name="SerializationHelperSpec.groovy" path="/usr/local/buildserver/apps/bambo/atlassian-bamboo-5.4.2/home/xml-data/build-dir/CCCOM-TTR-JOB1/src/test/groovy/org/certificateservices/custom/c2x/its/datastructs/SerializationHelperSpec.groovy">
            <metrics classes="1" methods="5" conditionals="2" ncloc="0" coveredstatements="31" coveredmethods="5" complexity="7" coveredconditionals="2" statements="31" loc="122" coveredelements="38" elements="38"/>
            <class name="SerializationHelperSpec">
               <metrics conditionals="2" methods="5" coveredstatements="31" complexity="7" testpasses="8" testruns="8" coveredmethods="5" coveredconditionals="2" statements="31" testfailures="0" coveredelements="38" testduration="0.009000000000000001" elements="38"/>
            </class>
            <line num="46" count="3" visibility="public" complexity="1" type="method" signature="$spock_feature_0_0(def,def,def) : void"/>
            <line num="49" count="3" type="stmt"/>
            <line num="50" count="3" type="stmt"/>
            <line num="53" count="3" type="stmt"/>
            <line num="55" count="3" type="stmt"/>
            <line num="63" count="1" visibility="public" complexity="1" type="method" signature="$spock_feature_0_1() : void"/>
            <line num="65" count="1" type="stmt"/>
            <line num="66" count="1" type="stmt"/>
            <line num="69" count="1" type="stmt"/>
            <line num="70" count="1" type="stmt"/>
            <line num="73" count="1" type="stmt"/>
            <line num="74" count="1" type="stmt"/>
            <line num="77" count="3" visibility="public" complexity="3" type="method" signature="$spock_feature_0_2(def,def,def,def) : void"/>
            <line num="80" count="3" type="stmt"/>
            <line num="81" count="3" type="stmt"/>
            <line num="84" count="3" type="stmt"/>
            <line num="86" count="3" type="stmt"/>
            <line num="87" count="3" type="stmt"/>
            <line num="87" falsecount="1" type="cond" truecount="2"/>
            <line num="88" count="2" type="stmt"/>
            <line num="97" count="1" visibility="public" complexity="1" type="method" signature="$spock_feature_0_3() : void"/>
            <line num="99" count="1" type="stmt"/>
            <line num="100" count="1" type="stmt"/>
            <line num="101" count="1" type="stmt"/>
            <line num="102" count="1" type="stmt"/>
            <line num="103" count="1" type="stmt"/>
            <line num="104" count="1" type="stmt"/>
            <line num="106" count="1" type="stmt"/>
            <line num="109" count="1" type="stmt"/>
            <line num="110" count="1" type="stmt"/>
            <line num="111" count="1" type="stmt"/>
            <line num="112" count="1" type="stmt"/>
            <line num="113" count="1" type="stmt"/>
            <line num="114" count="1" type="stmt"/>
            <line num="115" count="1" type="stmt"/>
            <line num="118" count="5" visibility="private" complexity="1" type="method" signature="getHex(ByteArrayOutputStream) : String"/>
            <line num="119" count="5" type="stmt"/>
         </file>
         <file name="BaseStructSpec.groovy" path="/usr/local/buildserver/apps/bambo/atlassian-bamboo-5.4.2/home/xml-data/build-dir/CCCOM-TTR-JOB1/src/test/groovy/org/certificateservices/custom/c2x/its/datastructs/BaseStructSpec.groovy">
            <metrics classes="1" methods="3" conditionals="2" ncloc="0" coveredstatements="23" coveredmethods="3" complexity="5" coveredconditionals="2" statements="23" loc="90" coveredelements="28" elements="28"/>
            <class name="BaseStructSpec">
               <metrics methods="3" conditionals="2" coveredstatements="23" coveredmethods="3" complexity="5" coveredconditionals="2" statements="23" coveredelements="28" elements="28"/>
            </class>
            <line num="44" count="83" visibility="public" complexity="1" type="method" signature="serializeToHex(StructSerializer) : String"/>
            <line num="45" count="83" type="stmt"/>
            <line num="46" count="83" type="stmt"/>
            <line num="48" count="83" type="stmt"/>
            <line num="49" count="83" type="stmt"/>
            <line num="52" count="83" type="stmt"/>
            <line num="55" count="106" visibility="public" complexity="1" type="method" signature="deserializeFromHex(StructSerializer,String) : StructSerializer"/>
            <line num="56" count="106" type="stmt"/>
            <line num="57" count="106" type="stmt"/>
            <line num="59" count="106" type="stmt"/>
            <line num="60" count="106" type="stmt"/>
            <line num="62" count="106" type="stmt"/>
            <line num="66" count="17" visibility="public" complexity="3" type="method" signature="genCertificate(SubjectType,String,Certificate) : Certificate"/>
            <line num="68" count="17" type="stmt"/>
            <line num="69" count="17" type="stmt"/>
            <line num="69" falsecount="12" type="cond" truecount="5"/>
            <line num="70" count="5" type="stmt"/>
            <line num="73" count="17" type="stmt"/>
            <line num="74" count="17" type="stmt"/>
            <line num="76" count="17" type="stmt"/>
            <line num="77" count="17" type="stmt"/>
            <line num="78" count="17" type="stmt"/>
            <line num="80" count="17" type="stmt"/>
            <line num="81" count="17" type="stmt"/>
            <line num="83" count="17" type="stmt"/>
            <line num="85" count="17" type="stmt"/>
            <line num="87" count="17" type="stmt"/>
         </file>
      </package>
      <package name="org.certificateservices.custom.c2x.its">
         <metrics classes="1" methods="1" conditionals="0" files="1" ncloc="126" coveredstatements="39" coveredmethods="1" complexity="1" coveredconditionals="0" statements="39" loc="210" coveredelements="40" elements="40"/>
         <file name="ITSDemo.java" path="/usr/local/buildserver/apps/bambo/atlassian-bamboo-5.4.2/home/xml-data/build-dir/CCCOM-TTR-JOB1/src/test/java/org/certificateservices/custom/c2x/its/ITSDemo.java">
            <metrics classes="1" methods="1" conditionals="0" ncloc="126" coveredstatements="39" coveredmethods="1" complexity="1" coveredconditionals="0" statements="39" loc="210" coveredelements="40" elements="40"/>
            <class name="ITSDemo">
               <metrics methods="1" conditionals="0" coveredstatements="39" coveredmethods="1" complexity="1" coveredconditionals="0" statements="39" coveredelements="40" elements="40"/>
            </class>
            <line num="42" count="1" visibility="public" complexity="1" type="method" signature="demoGenerateCAHierarchyCert() : void"/>
            <line num="46" count="1" type="stmt"/>
            <line num="48" count="1" type="stmt"/>
            <line num="53" count="1" type="stmt"/>
            <line num="56" count="1" type="stmt"/>
            <line num="59" count="1" type="stmt"/>
            <line num="60" count="1" type="stmt"/>
            <line num="63" count="1" type="stmt"/>
            <line num="77" count="1" type="stmt"/>
            <line num="80" count="1" type="stmt"/>
            <line num="81" count="1" type="stmt"/>
            <line num="84" count="1" type="stmt"/>
            <line num="100" count="1" type="stmt"/>
            <line num="103" count="1" type="stmt"/>
            <line num="104" count="1" type="stmt"/>
            <line num="107" count="1" type="stmt"/>
            <line num="125" count="1" type="stmt"/>
            <line num="127" count="1" type="stmt"/>
            <line num="129" count="1" type="stmt"/>
            <line num="132" count="1" type="stmt"/>
            <line num="133" count="1" type="stmt"/>
            <line num="135" count="1" type="stmt"/>
            <line num="152" count="1" type="stmt"/>
            <line num="155" count="1" type="stmt"/>
            <line num="158" count="1" type="stmt"/>
            <line num="161" count="1" type="stmt"/>
            <line num="162" count="1" type="stmt"/>
            <line num="164" count="1" type="stmt"/>
            <line num="180" count="1" type="stmt"/>
            <line num="183" count="1" type="stmt"/>
            <line num="187" count="1" type="stmt"/>
            <line num="190" count="1" type="stmt"/>
            <line num="192" count="1" type="stmt"/>
            <line num="194" count="1" type="stmt"/>
            <line num="195" count="1" type="stmt"/>
            <line num="196" count="1" type="stmt"/>
            <line num="199" count="1" type="stmt"/>
            <line num="200" count="1" type="stmt"/>
            <line num="204" count="1" type="stmt"/>
            <line num="207" count="1" type="stmt"/>
         </file>
      </package>
   </testproject>
</coverage>